<?xml version="1.0" encoding="UTF-8"?>
<!-- Generated by org.testng.reporters.JUnitReportReporter -->
<testsuite skipped="0" hostname="Riaz" name="Capstone.AutomationPractice8.TestNGAnnotations" tests="1" failures="0" timestamp="2024-08-10T15:43:34 EDT" time="0.005" errors="0">
  <testcase name="f" time="0.005" classname="Capstone.AutomationPractice8.TestNGAnnotations"/>
  <system-out/>
</testsuite> <!-- Capstone.AutomationPractice8.TestNGAnnotations -->
