<?xml version="1.0" encoding="UTF-8"?>
<!-- Generated by org.testng.reporters.JUnitReportReporter -->
<testsuite skipped="0" hostname="Riaz" name="Capstone.AutomationPractice8.Points" tests="6" failures="0" timestamp="2024-08-15T15:56:53 EDT" time="57.873" errors="0">
  <testcase name="f" time="10.368" classname="Capstone.AutomationPractice8.Points"/>
  <system-out/>
  <testcase name="f" time="10.785" classname="Capstone.AutomationPractice8.Points"/>
  <system-out/>
  <testcase name="f" time="9.089" classname="Capstone.AutomationPractice8.Points"/>
  <system-out/>
  <testcase name="f" time="9.069" classname="Capstone.AutomationPractice8.Points"/>
  <system-out/>
  <testcase name="f" time="9.530" classname="Capstone.AutomationPractice8.Points"/>
  <system-out/>
  <testcase name="f" time="9.032" classname="Capstone.AutomationPractice8.Points"/>
  <system-out/>
</testsuite> <!-- Capstone.AutomationPractice8.Points -->
