<?xml version="1.0" encoding="UTF-8"?>
<!-- Generated by org.testng.reporters.JUnitReportReporter -->
<testsuite skipped="0" hostname="Riaz" name="Capstone.AutomationPractice8.Property" tests="2" failures="0" timestamp="2024-08-16T12:04:33 EDT" time="19.066" errors="0">
  <testcase name="f" time="9.425" classname="Capstone.AutomationPractice8.Property"/>
  <system-out/>
  <testcase name="f" time="9.641" classname="Capstone.AutomationPractice8.Property"/>
  <system-out/>
</testsuite> <!-- Capstone.AutomationPractice8.Property -->
