<?xml version="1.0" encoding="UTF-8"?>
<!-- Generated by org.testng.reporters.JUnitReportReporter -->
<testsuite skipped="0" hostname="Riaz" name="Capstone.AutomationPractice8.SignToAmazon" tests="2" failures="0" timestamp="2024-08-15T11:35:58 EDT" time="21.553" errors="0">
  <testcase name="f" time="10.701" classname="Capstone.AutomationPractice8.SignToAmazon"/>
  <system-out/>
  <testcase name="f" time="10.852" classname="Capstone.AutomationPractice8.SignToAmazon"/>
  <system-out/>
</testsuite> <!-- Capstone.AutomationPractice8.SignToAmazon -->
