<?xml version="1.0" encoding="UTF-8"?>
<!-- Generated by org.testng.reporters.JUnitReportReporter -->
<testsuite skipped="0" hostname="Riaz" name="Capstone.AutomationPractice8.TextOfVerification" tests="4" failures="0" timestamp="2024-08-15T11:35:58 EDT" time="46.183" errors="0">
  <testcase name="signin" time="9.233" classname="Capstone.AutomationPractice8.TextOfVerification"/>
  <system-out/>
  <testcase name="signin" time="9.919" classname="Capstone.AutomationPractice8.TextOfVerification"/>
  <system-out/>
  <testcase name="f" time="13.424" classname="Capstone.AutomationPractice8.TextOfVerification"/>
  <system-out/>
  <testcase name="f" time="13.607" classname="Capstone.AutomationPractice8.TextOfVerification"/>
  <system-out/>
</testsuite> <!-- Capstone.AutomationPractice8.TextOfVerification -->
